<?xml version="1.0" encoding="UTF-8"?>
<testsuite name="com.justsoft.nulpschedule.api.UrlBuilderKtTest" tests="3" skipped="0" failures="0" errors="0" timestamp="2020-11-16T13:27:10" hostname="DESKTOP-MH0AUMI" time="0.041">
  <properties/>
  <testcase name="testArgs()" classname="com.justsoft.nulpschedule.api.UrlBuilderKtTest" time="0.038"/>
  <testcase name="testBase()" classname="com.justsoft.nulpschedule.api.UrlBuilderKtTest" time="0.001"/>
  <testcase name="testPath()" classname="com.justsoft.nulpschedule.api.UrlBuilderKtTest" time="0.001"/>
  <system-out><![CDATA[]]></system-out>
  <system-err><![CDATA[]]></system-err>
</testsuite>
